[Thu Feb 18 17:45:42 2016] [debug] GET "/"
[Thu Feb 18 17:45:42 2016] [debug] Routing to a callback
[Thu Feb 18 17:45:42 2016] [debug] 200 OK (0.000744s, 1344.086/s)
[Thu Feb 18 17:45:42 2016] [debug] Static 200    151 /one-eyed.txt
[Thu Feb 18 17:46:15 2016] [debug] GET "/"
[Thu Feb 18 17:46:15 2016] [debug] Routing to a callback
[Thu Feb 18 17:46:15 2016] [debug] 200 OK (0.000709s, 1410.437/s)
[Thu Feb 18 17:46:15 2016] [debug] Static 200    151 /one-eyed.txt
[Thu Feb 18 17:46:20 2016] [debug] GET "/"
[Thu Feb 18 17:46:20 2016] [debug] Routing to a callback
[Thu Feb 18 17:46:20 2016] [debug] 200 OK (0.000715s, 1398.601/s)
[Thu Feb 18 17:46:20 2016] [debug] Static 200    151 /one-eyed.txt
[Thu Feb 18 18:03:27 2016] [debug] Static 200    151 /one-eyed.txt
[Thu Feb 18 18:03:30 2016] [debug] GET "/"
[Thu Feb 18 18:03:30 2016] [debug] Routing to a callback
[Thu Feb 18 18:03:30 2016] [debug] 200 OK (0.000677s, 1477.105/s)
[Thu Feb 18 18:03:30 2016] [debug] Static 200    151 /one-eyed.txt
[Thu Feb 18 18:03:30 2016] [debug] Static 200    151 /one-eyed.txt
[Thu Feb 18 18:03:34 2016] [debug] Static 200    151 /one-eyed.txt
[Thu Feb 18 18:50:41 2016] [debug] Static 200    151 /one-eyed.txt
[Thu Feb 18 18:50:41 2016] [info] Static 200    151 /one-eyed.txt
[Thu Feb 18 18:51:20 2016] [debug] GET "/"
[Thu Feb 18 18:51:20 2016] [debug] Routing to a callback
[Thu Feb 18 18:51:20 2016] [debug] 200 OK (0.000731s, 1367.989/s)
[Thu Feb 18 18:51:20 2016] [debug] Static 200    151 /one-eyed.txt
[Thu Feb 18 18:51:20 2016] [debug] Static 200    151 /one-eyed.txt
[Thu Feb 18 18:51:21 2016] [info] Static 200    151 /one-eyed.txt
[Thu Feb 18 18:51:25 2016] [debug] Static 200    151 /one-eyed.txt
[Thu Feb 18 18:51:25 2016] [info] Static 200    151 /one-eyed.txt
[Thu Feb 18 18:56:40 2016] [debug] GET "/"
[Thu Feb 18 18:56:40 2016] [debug] Routing to a callback
[Thu Feb 18 18:56:40 2016] [debug] 200 OK (0.000689s, 1451.379/s)
[Thu Feb 18 18:56:40 2016] [debug] Static 200    151 /one-eyed.txt
[Thu Feb 18 18:56:40 2016] [debug] Static 200    151 /one-eyed.txt
[Thu Feb 18 18:56:40 2016] [debug] Static 200    151 /one-eyed.txt
[Thu Feb 18 18:56:41 2016] [info] Static 200    151 /one-eyed.txt
[Thu Feb 18 18:57:17 2016] [debug] GET "/"
[Thu Feb 18 18:57:17 2016] [debug] Routing to a callback
[Thu Feb 18 18:57:17 2016] [debug] 200 OK (0.000697s, 1434.720/s)
[Thu Feb 18 18:57:17 2016] [debug] Static 200    151 /one-eyed.txt
[Thu Feb 18 18:57:17 2016] [debug] Static 200    151 /one-eyed.txt
[Thu Feb 18 18:57:17 2016] [debug] Static 200    151 /one-eyed.txt
[Thu Feb 18 18:57:18 2016] [info] Static 200    151 /one-eyed.txt
[Thu Feb 18 18:57:21 2016] [debug] Static 200    151 /one-eyed.txt
[Thu Feb 18 18:57:21 2016] [info] Static 200    151 /one-eyed.txt
[Thu Feb 18 19:06:51 2016] [debug] Static 200    151 /one-eyed.txt
[Thu Feb 18 19:06:51 2016] [info] Static 200    151 /one-eyed.txt
